<?xml version="1.0" encoding="UTF-8"?>
<robot generator="Robot 6.0.2 (Python 3.11.2 on win32)" generated="20230529 12:04:06.046" rpa="false" schemaversion="3">
<suite id="s1" name="Resolucao1" source="C:\Users\tsjes\OneDrive\Documentos\automacao-simplificada\suites\PrimeiraTarefa\Resolucao1.robot">
<test id="s1-t1" name="Preenchendo Dados" line="7">
<kw name="Dado um usuário acessando o site Itera" library="setup_teardown" type="SETUP">
<kw name="Open Browser" library="SeleniumLibrary">
<arg>${tarefa_um.link}</arg>
<arg>Edge</arg>
<doc>Opens a new browser instance to the optional ``url``.</doc>
<msg timestamp="20230529 12:04:06.906" level="INFO">Opening browser 'Edge' to base url 'https://itera-qa.azurewebsites.net/home/automation'.</msg>
<status status="PASS" starttime="20230529 12:04:06.905" endtime="20230529 12:04:09.774"/>
</kw>
<kw name="Element Should Be Visible" library="SeleniumLibrary">
<arg>${tarefa_um.ConfirmPage}</arg>
<doc>Verifies that the element identified by ``locator`` is visible.</doc>
<msg timestamp="20230529 12:04:09.962" level="INFO">Element '//h1[@class="display-3"]' is displayed.</msg>
<status status="PASS" starttime="20230529 12:04:09.776" endtime="20230529 12:04:09.962"/>
</kw>
<kw name="Element Text Should Be" library="SeleniumLibrary">
<arg>${tarefa_um.ConfirmPage}</arg>
<arg>Test automation practice form</arg>
<doc>Verifies that element ``locator`` contains exact the text ``expected``.</doc>
<msg timestamp="20230529 12:04:09.966" level="INFO">Verifying element '//h1[@class="display-3"]' contains exact text 'Test automation practice form'.</msg>
<status status="PASS" starttime="20230529 12:04:09.962" endtime="20230529 12:04:10.016"/>
</kw>
<kw name="Sleep" library="BuiltIn">
<arg>5</arg>
<doc>Pauses the test executed for the given time.</doc>
<msg timestamp="20230529 12:04:15.018" level="INFO">Slept 5 seconds</msg>
<status status="PASS" starttime="20230529 12:04:10.017" endtime="20230529 12:04:15.018"/>
</kw>
<status status="PASS" starttime="20230529 12:04:06.905" endtime="20230529 12:04:15.018"/>
</kw>
<kw name="Quando ele preencher o campo de Name" library="PaginaHomeItera">
<kw name="Wait Until Element Is Visible" library="SeleniumLibrary">
<arg>${tarefa_um.CampoNome}</arg>
<doc>Waits until the element ``locator`` is visible.</doc>
<status status="PASS" starttime="20230529 12:04:15.019" endtime="20230529 12:04:15.046"/>
</kw>
<kw name="Input Text" library="SeleniumLibrary">
<arg>${tarefa_um.CampoNome}</arg>
<arg>${dados_t1.Nome}</arg>
<doc>Types the given ``text`` into the text field identified by ``locator``.</doc>
<msg timestamp="20230529 12:04:15.047" level="INFO">Typing text 'Tarefa1' into text field '//input[@id='name']'.</msg>
<status status="PASS" starttime="20230529 12:04:15.046" endtime="20230529 12:04:15.176"/>
</kw>
<kw name="Sleep" library="BuiltIn">
<arg>5</arg>
<doc>Pauses the test executed for the given time.</doc>
<msg timestamp="20230529 12:04:20.177" level="INFO">Slept 5 seconds</msg>
<status status="PASS" starttime="20230529 12:04:15.177" endtime="20230529 12:04:20.177"/>
</kw>
<kw name="Textfield Should Contain" library="SeleniumLibrary">
<arg>${tarefa_um.CampoNome}</arg>
<arg>${dados_t1.Nome}</arg>
<doc>Verifies text field ``locator`` contains text ``expected``.</doc>
<msg timestamp="20230529 12:04:20.225" level="INFO">Text field '//input[@id='name']' contains text 'Tarefa1'.</msg>
<status status="PASS" starttime="20230529 12:04:20.177" endtime="20230529 12:04:20.225"/>
</kw>
<status status="PASS" starttime="20230529 12:04:15.018" endtime="20230529 12:04:20.225"/>
</kw>
<kw name="E preencher o campo Mobile number" library="PaginaHomeItera">
<kw name="Wait Until Element Is Visible" library="SeleniumLibrary">
<arg>${tarefa_um.CampoPhone}</arg>
<doc>Waits until the element ``locator`` is visible.</doc>
<status status="PASS" starttime="20230529 12:04:20.226" endtime="20230529 12:04:20.253"/>
</kw>
<kw name="Input Text" library="SeleniumLibrary">
<arg>${tarefa_um.CampoPhone}</arg>
<arg>${dados_t1.NumeroTelefonico}</arg>
<doc>Types the given ``text`` into the text field identified by ``locator``.</doc>
<msg timestamp="20230529 12:04:20.255" level="INFO">Typing text '71978123536' into text field '//input[@id="phone"]'.</msg>
<status status="PASS" starttime="20230529 12:04:20.253" endtime="20230529 12:04:20.370"/>
</kw>
<kw name="Sleep" library="BuiltIn">
<arg>5</arg>
<doc>Pauses the test executed for the given time.</doc>
<msg timestamp="20230529 12:04:25.371" level="INFO">Slept 5 seconds</msg>
<status status="PASS" starttime="20230529 12:04:20.370" endtime="20230529 12:04:25.371"/>
</kw>
<kw name="Textfield Should Contain" library="SeleniumLibrary">
<arg>${tarefa_um.CampoPhone}</arg>
<arg>${dados_t1.NumeroTelefonico}</arg>
<doc>Verifies text field ``locator`` contains text ``expected``.</doc>
<msg timestamp="20230529 12:04:25.414" level="INFO">Text field '//input[@id="phone"]' contains text '71978123536'.</msg>
<status status="PASS" starttime="20230529 12:04:25.371" endtime="20230529 12:04:25.414"/>
</kw>
<status status="PASS" starttime="20230529 12:04:20.226" endtime="20230529 12:04:25.414"/>
</kw>
<kw name="E preencher o campo Password" library="PaginaHomeItera">
<kw name="Wait Until Element Is Visible" library="SeleniumLibrary">
<arg>${tarefa_um.CampoSenha}</arg>
<doc>Waits until the element ``locator`` is visible.</doc>
<status status="PASS" starttime="20230529 12:04:25.415" endtime="20230529 12:04:25.443"/>
</kw>
<kw name="Input Text" library="SeleniumLibrary">
<arg>${tarefa_um.CampoSenha}</arg>
<arg>${dados_t1.Senha}</arg>
<doc>Types the given ``text`` into the text field identified by ``locator``.</doc>
<msg timestamp="20230529 12:04:25.445" level="INFO">Typing text 'tarefa1' into text field '//input[@id="password"]'.</msg>
<status status="PASS" starttime="20230529 12:04:25.443" endtime="20230529 12:04:25.563"/>
</kw>
<kw name="Sleep" library="BuiltIn">
<arg>5</arg>
<doc>Pauses the test executed for the given time.</doc>
<msg timestamp="20230529 12:04:30.564" level="INFO">Slept 5 seconds</msg>
<status status="PASS" starttime="20230529 12:04:25.564" endtime="20230529 12:04:30.564"/>
</kw>
<kw name="Textfield Should Contain" library="SeleniumLibrary">
<arg>${tarefa_um.CampoSenha}</arg>
<arg>${dados_t1.Senha}</arg>
<doc>Verifies text field ``locator`` contains text ``expected``.</doc>
<msg timestamp="20230529 12:04:30.601" level="INFO">Text field '//input[@id="password"]' contains text 'tarefa1'.</msg>
<status status="PASS" starttime="20230529 12:04:30.564" endtime="20230529 12:04:30.601"/>
</kw>
<status status="PASS" starttime="20230529 12:04:25.415" endtime="20230529 12:04:30.601"/>
</kw>
<kw name="E preencher o campo Adress" library="PaginaHomeItera">
<kw name="Wait Until Element Is Visible" library="SeleniumLibrary">
<arg>${tarefa_um.CampoAdress}</arg>
<doc>Waits until the element ``locator`` is visible.</doc>
<status status="PASS" starttime="20230529 12:04:30.602" endtime="20230529 12:04:30.627"/>
</kw>
<kw name="Input Text" library="SeleniumLibrary">
<arg>${tarefa_um.CampoAdress}</arg>
<arg>${dados_t1.Adress}</arg>
<doc>Types the given ``text`` into the text field identified by ``locator``.</doc>
<msg timestamp="20230529 12:04:30.628" level="INFO">Typing text '"My address is 123 Main Street.' into text field '//textarea[@id="address"]'.</msg>
<status status="PASS" starttime="20230529 12:04:30.627" endtime="20230529 12:04:30.753"/>
</kw>
<kw name="Sleep" library="BuiltIn">
<arg>5</arg>
<doc>Pauses the test executed for the given time.</doc>
<msg timestamp="20230529 12:04:35.753" level="INFO">Slept 5 seconds</msg>
<status status="PASS" starttime="20230529 12:04:30.753" endtime="20230529 12:04:35.753"/>
</kw>
<kw name="Textarea Should Contain" library="SeleniumLibrary">
<arg>${tarefa_um.CampoAdress}</arg>
<arg>${dados_t1.Adress}</arg>
<doc>Verifies text area ``locator`` contains text ``expected``.</doc>
<msg timestamp="20230529 12:04:35.783" level="INFO">Text area '//textarea[@id="address"]' contains text '"My address is 123 Main Street.'.</msg>
<status status="PASS" starttime="20230529 12:04:35.753" endtime="20230529 12:04:35.793"/>
</kw>
<status status="PASS" starttime="20230529 12:04:30.602" endtime="20230529 12:04:35.793"/>
</kw>
<status status="PASS" starttime="20230529 12:04:06.903" endtime="20230529 12:04:35.794"/>
</test>
<status status="PASS" starttime="20230529 12:04:06.047" endtime="20230529 12:04:35.795"/>
</suite>
<statistics>
<total>
<stat pass="1" fail="0" skip="0">All Tests</stat>
</total>
<tag>
</tag>
<suite>
<stat pass="1" fail="0" skip="0" id="s1" name="Resolucao1">Resolucao1</stat>
</suite>
</statistics>
<errors>
</errors>
</robot>
